{
  "numFailedTestSuites": 0,
  "numFailedTests": 0,
  "numPassedTestSuites": 2,
  "numPassedTests": 6,
  "numPendingTestSuites": 0,
  "numPendingTests": 0,
  "numRuntimeErrorTestSuites": 0,
  "numTodoTests": 0,
  "numTotalTestSuites": 2,
  "numTotalTests": 6,
  "openHandles": [],
  "snapshot": {
    "added": 0,
    "didUpdate": false,
    "failure": false,
    "filesAdded": 0,
    "filesRemoved": 0,
    "filesRemovedList": [],
    "filesUnmatched": 0,
    "filesUpdated": 0,
    "matched": 0,
    "total": 0,
    "unchecked": 0,
    "uncheckedKeysByFile": [],
    "unmatched": 0,
    "updated": 0
  },
  "startTime": 1734196050453,
  "success": false,
  "testResults": [
    {
      "leaks": false,
      "numFailingTests": 0,
      "numPassingTests": 4,
      "numPendingTests": 0,
      "numTodoTests": 0,
      "openHandles": [],
      "perfStats": {
        "end": 1734196053138,
        "runtime": 2347,
        "slow": false,
        "start": 1734196050791
      },
      "skipped": false,
      "snapshot": {
        "added": 0,
        "fileDeleted": false,
        "matched": 0,
        "unchecked": 0,
        "uncheckedKeys": [],
        "unmatched": 0,
        "updated": 0
      },
      "testFilePath": "C:\\Users\\never\\Documents\\Skipr Technologies LLC FZ\\Beginner\\Automation part\\qa-beginner-test-assigment\\src\\unit_tests\\Class.test.ts",
      "testResults": [
        {
          "ancestorTitles": [
            "Class unit test",
            "getPosts1"
          ],
          "duration": 8,
          "failureDetails": [],
          "failureMessages": [],
          "fullName": "Class unit test getPosts1 should fetch post data successfully",
          "invocations": 1,
          "location": null,
          "numPassingAsserts": 1,
          "retryReasons": [],
          "status": "passed",
          "title": "should fetch post data successfully"
        },
        {
          "ancestorTitles": [
            "Class unit test",
            "getPosts1"
          ],
          "duration": 47,
          "failureDetails": [],
          "failureMessages": [],
          "fullName": "Class unit test getPosts1 should throw an error if the getPages request fails",
          "invocations": 1,
          "location": null,
          "numPassingAsserts": 1,
          "retryReasons": [],
          "status": "passed",
          "title": "should throw an error if the getPages request fails"
        },
        {
          "ancestorTitles": [
            "Class unit test",
            "getPosts2"
          ],
          "duration": 2,
          "failureDetails": [],
          "failureMessages": [],
          "fullName": "Class unit test getPosts2 should fetch post data for /posts/2 successfully",
          "invocations": 1,
          "location": null,
          "numPassingAsserts": 1,
          "retryReasons": [],
          "status": "passed",
          "title": "should fetch post data for /posts/2 successfully"
        },
        {
          "ancestorTitles": [
            "Class unit test",
            "getPosts2"
          ],
          "duration": 3,
          "failureDetails": [],
          "failureMessages": [],
          "fullName": "Class unit test getPosts2 should throw an error if the getPosts2 request fails",
          "invocations": 1,
          "location": null,
          "numPassingAsserts": 1,
          "retryReasons": [],
          "status": "passed",
          "title": "should throw an error if the getPosts2 request fails"
        }
      ],
      "failureMessage": null
    },
    {
      "leaks": false,
      "numFailingTests": 0,
      "numPassingTests": 2,
      "numPendingTests": 0,
      "numTodoTests": 0,
      "openHandles": [],
      "perfStats": {
        "end": 1734196053402,
        "runtime": 2611,
        "slow": false,
        "start": 1734196050791
      },
      "skipped": false,
      "snapshot": {
        "added": 0,
        "fileDeleted": false,
        "matched": 0,
        "unchecked": 0,
        "uncheckedKeys": [],
        "unmatched": 0,
        "updated": 0
      },
      "testFilePath": "C:\\Users\\never\\Documents\\Skipr Technologies LLC FZ\\Beginner\\Automation part\\qa-beginner-test-assigment\\src\\tests\\class.test.ts",
      "testResults": [
        {
          "ancestorTitles": [
            "Class test",
            "Tests"
          ],
          "duration": 195,
          "failureDetails": [],
          "failureMessages": [],
          "fullName": "Class test Tests [TEST_1] should fetch post data successfully",
          "invocations": 1,
          "location": null,
          "numPassingAsserts": 1,
          "retryReasons": [],
          "status": "passed",
          "title": "[TEST_1] should fetch post data successfully"
        },
        {
          "ancestorTitles": [
            "Class test",
            "Tests"
          ],
          "duration": 134,
          "failureDetails": [],
          "failureMessages": [],
          "fullName": "Class test Tests [TEST_2] should fetch /posts/2 data successfully",
          "invocations": 1,
          "location": null,
          "numPassingAsserts": 1,
          "retryReasons": [],
          "status": "passed",
          "title": "[TEST_2] should fetch /posts/2 data successfully"
        }
      ],
      "failureMessage": null
    }
  ],
  "wasInterrupted": false
}